ISim log file
Running: Y:\BackUp\UCLA\152A-ee\M152A-2020Winter\Lab0\Part_2\LED_1hertz\hz_tb_isim_beh.exe -intstyle ise -gui -tclbatch isim.cmd -wdb Y:/BackUp/UCLA/152A-ee/M152A-2020Winter/Lab0/Part_2/LED_1hertz/hz_tb_isim_beh.wdb 
ISim P.20131013 (signature 0x7708f090)
WARNING: A WEBPACK license was found.
WARNING: Please use Xilinx License Configuration Manager to check out a full ISim license.
WARNING: ISim will run in Lite mode. Please refer to the ISim documentation for more information on the differences between the Lite and the Full version.
This is a Lite version of ISim.
Time resolution is 1 ps
# onerror resume
# wave add /
# run 1000 ns
Simulator is doing circuit initialization process.
Finished circuit initialization process.
# run all
Stopped at time : 1294456900 ns : File "//Mac/Home/BackUp/UCLA/152A-ee/M152A-2020Winter/Lab0/Part_2/LED_1hertz/hz_tb.v" Line 54
ISim P.20131013 (signature 0x7708f090)
WARNING: A WEBPACK license was found.
WARNING: Please use Xilinx License Configuration Manager to check out a full ISim license.
WARNING: ISim will run in Lite mode. Please refer to the ISim documentation for more information on the differences between the Lite and the Full version.
This is a Lite version of ISim.
# run 1000 ns
Simulator is doing circuit initialization process.
Finished circuit initialization process.
# restart
# run 1.00us
Simulator is doing circuit initialization process.
Finished circuit initialization process.
# run 1.00us
ISim P.20131013 (signature 0x7708f090)
WARNING: A WEBPACK license was found.
WARNING: Please use Xilinx License Configuration Manager to check out a full ISim license.
WARNING: ISim will run in Lite mode. Please refer to the ISim documentation for more information on the differences between the Lite and the Full version.
This is a Lite version of ISim.
# run 1000 ns
Simulator is doing circuit initialization process.
Finished circuit initialization process.
# restart
# run 1.00us
Simulator is doing circuit initialization process.
Finished circuit initialization process.
# run 1.00us
# run 1.00us
# run all
Stopped at time : 2035473800 ns : File "//Mac/Home/BackUp/UCLA/152A-ee/M152A-2020Winter/Lab0/Part_2/LED_1hertz/hz_tb.v" Line 56
