Command line:
   Counter_TB_isim_beh.exe
     -simmode  gui
     -simrunnum  0
     -socket  49235

Tue Jan 07 18:17:45 2020


 Elaboration Time: 0.0312 sec

 Current Memory Usage: 667.005 Meg

 Total Signals          : 16
 Total Nets             : 19
 Total Signal Drivers   : 8
 Total Blocks           : 3
 Total Primitive Blocks : 2
 Total Processes        : 13
 Total Traceable Variables  : 21
 Total Scalar Nets and Variables : 105
Total Line Count : 31

 Total Simulation Time: 17.2069 sec

 Current Memory Usage: 824.291 Meg

Tue Jan 07 18:19:35 2020

