Command line:
   button_debounce_isim_beh.exe
     -simmode  gui
     -simrunnum  0
     -socket  49200

Thu Feb 27 13:43:48 2020


 Elaboration Time: 0.0312 sec

 Current Memory Usage: 667.025 Meg

 Total Signals          : 29
 Total Nets             : 20
 Total Signal Drivers   : 10
 Total Blocks           : 5
 Total Primitive Blocks : 4
 Total Processes        : 14
 Total Traceable Variables  : 21
 Total Scalar Nets and Variables : 129
Total Line Count : 26

 Total Simulation Time: 0.0312 sec

 Current Memory Usage: 667.025 Meg

Thu Feb 27 13:43:59 2020

