Command line:
   clock_TB_isim_beh.exe
     -simmode  gui
     -simrunnum  0
     -socket  49262

Tue Feb 04 13:30:42 2020


 Elaboration Time: 0.0312 sec

 Current Memory Usage: 667.025 Meg

 Total Signals          : 16
 Total Nets             : 16
 Total Signal Drivers   : 8
 Total Blocks           : 3
 Total Primitive Blocks : 2
 Total Processes        : 12
 Total Traceable Variables  : 22
 Total Scalar Nets and Variables : 126
Total Line Count : 34

 Total Simulation Time: 1.80961 sec

 Current Memory Usage: 667.025 Meg

Tue Feb 04 13:31:06 2020

