Command line:
   FP_conversion_TB_isim_beh.exe
     -simmode  gui
     -simrunnum  0
     -socket  49310

Mon Jan 13 22:58:19 2020


 Elaboration Time: 0.0468 sec

 Current Memory Usage: 667.017 Meg

 Total Signals          : 37
 Total Nets             : 68
 Total Signal Drivers   : 17
 Total Blocks           : 6
 Total Primitive Blocks : 4
 Total Processes        : 20
 Total Traceable Variables  : 21
 Total Scalar Nets and Variables : 167
Total Line Count : 60

 Total Simulation Time: 0.0936 sec

 Current Memory Usage: 667.017 Meg

Mon Jan 13 23:00:37 2020

