Command line:
   count_zeros_isim_beh.exe
     -simmode  gui
     -simrunnum  0
     -socket  49272

Fri Jan 10 23:13:11 2020


 Elaboration Time: 0.0468 sec

 Current Memory Usage: 667.013 Meg

 Total Signals          : 20
 Total Nets             : 48
 Total Signal Drivers   : 12
 Total Blocks           : 2
 Total Primitive Blocks : 2
 Total Processes        : 13
 Total Traceable Variables  : 18
 Total Scalar Nets and Variables : 128
Total Line Count : 21

 Total Simulation Time: 0.093601 sec

 Current Memory Usage: 667.013 Meg

Fri Jan 10 23:13:35 2020

