Command line:
   sign_magnitude_TB_isim_beh.exe
     -simmode  gui
     -simrunnum  0
     -socket  49542

Sun Jan 26 14:32:38 2020


 Elaboration Time: 0.0468 sec

 Current Memory Usage: 667.005 Meg

 Total Signals          : 18
 Total Nets             : 38
 Total Signal Drivers   : 8
 Total Blocks           : 3
 Total Primitive Blocks : 2
 Total Processes        : 10
 Total Traceable Variables  : 19
 Total Scalar Nets and Variables : 130
Total Line Count : 22

 Total Simulation Time: 0.0468 sec

 Current Memory Usage: 981.578 Meg

Sun Jan 26 14:34:09 2020

