Command line:
   rounding_TB_isim_beh.exe
     -simmode  gui
     -simrunnum  0
     -socket  49249

Fri Jan 10 21:40:06 2020


 Elaboration Time: 0.0312 sec

 Current Memory Usage: 667.005 Meg

 Total Signals          : 18
 Total Nets             : 28
 Total Signal Drivers   : 10
 Total Blocks           : 3
 Total Primitive Blocks : 2
 Total Processes        : 13
 Total Traceable Variables  : 23
 Total Scalar Nets and Variables : 123
Total Line Count : 53

 Total Simulation Time: 0.0468 sec

 Current Memory Usage: 981.578 Meg

Fri Jan 10 21:41:23 2020

