Command line:
   random_grid_tb_isim_beh.exe
     -simmode  gui
     -simrunnum  0
     -socket  49196

Thu Feb 27 13:32:11 2020


 Elaboration Time: 0.0312 sec

 Current Memory Usage: 667.025 Meg

 Total Signals          : 18
 Total Nets             : 33
 Total Signal Drivers   : 8
 Total Blocks           : 3
 Total Primitive Blocks : 2
 Total Processes        : 15
 Total Traceable Variables  : 25
 Total Scalar Nets and Variables : 178
Total Line Count : 47

 Total Simulation Time: 0.0312 sec

 Current Memory Usage: 667.025 Meg

Thu Feb 27 13:42:02 2020

