Command line:
   clk_tb_isim_beh.exe
     -simmode  gui
     -simrunnum  0
     -socket  49204

Thu Feb 27 13:48:17 2020


 Elaboration Time: 0.0312 sec

 Current Memory Usage: 667.025 Meg

 Total Signals          : 20
 Total Nets             : 18
 Total Signal Drivers   : 10
 Total Blocks           : 3
 Total Primitive Blocks : 2
 Total Processes        : 16
 Total Traceable Variables  : 24
 Total Scalar Nets and Variables : 197
Total Line Count : 41
Total Line Count : 41
Total Line Count : 41
Total Line Count : 41
Total Line Count : 41

 Total Simulation Time: 4.55523 sec

 Current Memory Usage: 667.025 Meg

Thu Feb 27 13:52:29 2020

