ISim log file
Running: Y:\BackUp\UCLA\152A-ee\M152A-2020Winter\Lab2\tb_isim_beh.exe -intstyle ise -gui -tclbatch isim.cmd -wdb Y:/BackUp/UCLA/152A-ee/M152A-2020Winter/Lab2/tb_isim_beh.wdb 
ISim P.20131013 (signature 0x7708f090)
WARNING: A WEBPACK license was found.
WARNING: Please use Xilinx License Configuration Manager to check out a full ISim license.
WARNING: ISim will run in Lite mode. Please refer to the ISim documentation for more information on the differences between the Lite and the Full version.
This is a Lite version of ISim.
WARNING: File "//Mac/Home/BackUp/UCLA/152A-ee/M152A-2020Winter/1/src/rtl/nexys3.v" Line 44.  For instance uut_/uart_top_/, width 1 of formal port i_inst_register is not equal to width 2 of actual variable inst_register. 
Time resolution is 1 ps
# onerror resume
# wave add /
# run all
Simulator is doing circuit initialization process.
Finished circuit initialization process.
         5 ... led output changed to        00000000
   1501000 ... Running instruction        11000000
   5243925 ... instruction        11000000 executed
   5243925 ... led output changed to        00000001
   6001000 ... Running instruction        00000001
   9176085 ... instruction        00000001 executed
   9176085 ... led output changed to        00000010
  10501000 ... Running instruction        11000000
  14418965 ... instruction        11000000 executed
  14418965 ... led output changed to        00000011
  15001000 ... Running instruction        00010001
  18351125 ... instruction        00010001 executed
  18351125 ... led output changed to        00000100
  19501000 ... Running instruction        11010000
  23594005 ... instruction        11010000 executed
  23594005 ... led output changed to        00000101
  24001000 ... Running instruction        01000110
  27526165 ... instruction        01000110 executed
  27526165 ... led output changed to        00000110
  28501000 ... Running instruction        11100000
  31458325 ... instruction        11100000 executed
  31458325 ... led output changed to        00000111
  33001000 ... Running instruction        01011000
  36701205 ... instruction        01011000 executed
  36701205 ... led output changed to        00001000
  37501000 ... Running instruction        11000000
  40633365 ... instruction        11000000 executed
  40633365 ... led output changed to        00001001
  42001000 ... Running instruction        01100001
  45876245 ... instruction        01100001 executed
  45876245 ... led output changed to        00001010
  46501000 ... Running instruction        11010000
  49808405 ... instruction        11010000 executed
  49808405 ... led output changed to        00001011
  51001000 ... Running instruction        01000110
  55051285 ... instruction        01000110 executed
  55051285 ... led output changed to        00001100
  55501000 ... Running instruction        11100000
  58983445 ... instruction        11100000 executed
  58983445 ... led output changed to        00001101
  60001000 ... Running instruction        01011000
  62915605 ... instruction        01011000 executed
  62915605 ... led output changed to        00001110
  64501000 ... Running instruction        11000000
  68158485 ... instruction        11000000 executed
  68158485 ... led output changed to        00001111
  69001000 ... Running instruction        01100001
  72090645 ... instruction        01100001 executed
  72090645 ... led output changed to        00010000
  73501000 ... Running instruction        11010000
  77333525 ... instruction        11010000 executed
  77333525 ... led output changed to        00010001
  78001000 ... Running instruction        01000110
  81265685 ... instruction        01000110 executed
  81265685 ... led output changed to        00010010
  82501000 ... Running instruction        11100000
  86508565 ... instruction        11100000 executed
  86508565 ... led output changed to        00010011
Stopped at time : 87002 us : File "//Mac/Home/BackUp/UCLA/152A-ee/M152A-2020Winter/1/src/tb/tb.v" Line 47
