Command line:
   count_zeros_TB_isim_beh.exe
     -simmode  gui
     -simrunnum  0
     -socket  49276

Fri Jan 10 23:17:51 2020


 Elaboration Time: 0.0468 sec

 Current Memory Usage: 667.017 Meg

 Total Signals          : 23
 Total Nets             : 48
 Total Signal Drivers   : 13
 Total Blocks           : 3
 Total Primitive Blocks : 2
 Total Processes        : 15
 Total Traceable Variables  : 19
 Total Scalar Nets and Variables : 140
Total Line Count : 37

 Total Simulation Time: 0.0468 sec

 Current Memory Usage: 667.017 Meg

Fri Jan 10 23:18:06 2020

