Command line:
   DeBounce_tf_isim_beh.exe
     -simmode  gui
     -simrunnum  0
     -socket  49202

Thu Feb 27 13:44:12 2020


 Elaboration Time: 0.0156 sec

 Current Memory Usage: 667.03 Meg

 Total Signals          : 30
 Total Nets             : 20
 Total Signal Drivers   : 12
 Total Blocks           : 6
 Total Primitive Blocks : 4
 Total Processes        : 19
 Total Traceable Variables  : 23
 Total Scalar Nets and Variables : 131
Total Line Count : 48
Total Line Count : 48
Total Line Count : 48

 Total Simulation Time: 0.265201 sec

 Current Memory Usage: 667.03 Meg

Thu Feb 27 13:46:24 2020

