Command line:
   tb_isim_beh.exe
     -simmode  gui
     -simrunnum  0
     -socket  49516

Thu Jan 23 21:41:42 2020


 Elaboration Time: 0.0312 sec

 Current Memory Usage: 667.038 Meg

 Total Signals          : 127
 Total Nets             : 234
 Total Signal Drivers   : 59
 Total Blocks           : 20
 Total Primitive Blocks : 13
 Total Processes        : 82
 Total Traceable Variables  : 201
 Total Scalar Nets and Variables : 19992
Total Line Count : 316

 Total Simulation Time: 14.8045 sec

 Current Memory Usage: 667.038 Meg

Thu Jan 23 21:42:06 2020

