Command line:
   counter_0_isim_beh.exe
     -simmode  gui
     -simrunnum  0
     -socket  49206

Thu Feb 27 14:00:40 2020


 Elaboration Time: 0.0156 sec

 Current Memory Usage: 667.042 Meg

 Total Signals          : 28
 Total Nets             : 40
 Total Signal Drivers   : 9
 Total Blocks           : 2
 Total Primitive Blocks : 2
 Total Processes        : 11
 Total Traceable Variables  : 23
 Total Scalar Nets and Variables : 137
Total Line Count : 165

 Total Simulation Time: 0.0156 sec

 Current Memory Usage: 667.042 Meg

Thu Feb 27 14:00:51 2020

